app/build/intermediates/manifest_merge_blame_file/debug/manifest-merger-blame-debug-report.txt
1<?xml version="1.0" encoding="utf-8"?>
2<manifest xmlns:android="http://schemas.android.com/apk/res/android"
3    package="com.example.neube.smartdrive"
4    android:versionCode="1"
5    android:versionName="1.0" >
6
7    <uses-sdk
8        android:minSdkVersion="26"
8-->src\main\AndroidManifest.xml
9        android:targetSdkVersion="28" />
9-->src\main\AndroidManifest.xml
10
11    <uses-permission android:name="com.google.android.things.permission.MANAGE_SENSOR_DRIVERS" />
11-->src\main\AndroidManifest.xml:6:5-98
11-->src\main\AndroidManifest.xml:6:22-95
12    <uses-permission android:name="com.google.android.things.permission.USE_PERIPHERAL_IO" />
12-->src\main\AndroidManifest.xml:7:5-93
12-->src\main\AndroidManifest.xml:7:22-91
13    <uses-permission android:name="com.google.android.things.permission.MANAGE_INPUT_DRIVERS" />
13-->src\main\AndroidManifest.xml:8:5-97
13-->src\main\AndroidManifest.xml:8:22-94
14    <uses-permission android:name="com.google.android.things.permission.CONTROL_KEYGUARD" />
14-->src\main\AndroidManifest.xml:9:5-93
14-->src\main\AndroidManifest.xml:9:22-90
15    <uses-permission android:name="android.permission.INTERNET" />
15-->src\main\AndroidManifest.xml:10:5-66
15-->src\main\AndroidManifest.xml:10:22-64
16    <uses-permission android:name="android.permission.ACCESS_NETWORK_STATE" />
16-->src\main\AndroidManifest.xml:11:5-78
16-->src\main\AndroidManifest.xml:11:22-76
17
18    <application
18-->src\main\AndroidManifest.xml:13:5-28:19
19        android:debuggable="true"
20        android:extractNativeLibs="false"
21        android:testOnly="true" >
22        <uses-library android:name="com.google.android.things" />
22-->src\main\AndroidManifest.xml:14:9-66
22-->src\main\AndroidManifest.xml:14:23-63
23
24        <activity android:name="com.example.neube.smartdrive.MainActivity" >
24-->src\main\AndroidManifest.xml:16:9-27:20
24-->src\main\AndroidManifest.xml:16:19-47
25            <intent-filter>
25-->src\main\AndroidManifest.xml:17:13-21:29
26                <action android:name="android.intent.action.MAIN" />
26-->src\main\AndroidManifest.xml:18:17-69
26-->src\main\AndroidManifest.xml:18:25-66
27
28                <category android:name="android.intent.category.LAUNCHER" />
28-->src\main\AndroidManifest.xml:20:17-77
28-->src\main\AndroidManifest.xml:20:27-74
29            </intent-filter>
30            <intent-filter>
30-->src\main\AndroidManifest.xml:22:13-26:29
31                <action android:name="android.intent.action.MAIN" />
31-->src\main\AndroidManifest.xml:18:17-69
31-->src\main\AndroidManifest.xml:18:25-66
32
33                <category android:name="android.intent.category.HOME" />
33-->src\main\AndroidManifest.xml:24:17-73
33-->src\main\AndroidManifest.xml:24:27-70
34                <category android:name="android.intent.category.DEFAULT" />
34-->src\main\AndroidManifest.xml:25:17-76
34-->src\main\AndroidManifest.xml:25:27-73
35            </intent-filter>
36        </activity>
37    </application>
38
39</manifest>